{
  "stats": {
    "suites": 2,
    "tests": 1,
    "passes": 0,
    "pending": 0,
    "failures": 1,
    "start": "2023-05-10T10:12:13.610Z",
    "end": "2023-05-10T10:12:20.369Z",
    "duration": 6759,
    "testsRegistered": 1,
    "passPercent": 0,
    "pendingPercent": 0,
    "other": 0,
    "hasOther": false,
    "skipped": 0,
    "hasSkipped": false
  },
  "results": [
    {
      "uuid": "ac926781-1556-43ad-89a6-11333b211c0b",
      "title": "",
      "fullFile": "C:\\Users\\vikto\\Desktop\\reposstat\\testverktyg-grupp3\\test\\Return proceeding.js",
      "file": "\\test\\Return proceeding.js",
      "beforeHooks": [],
      "afterHooks": [],
      "tests": [],
      "suites": [
        {
          "uuid": "a0d5d9f3-9fd8-454e-a84b-08ef373da3ce",
          "title": "Search for product",
          "fullFile": "C:\\Users\\vikto\\Desktop\\reposstat\\testverktyg-grupp3\\test\\Return proceeding.js",
          "file": "\\test\\Return proceeding.js",
          "beforeHooks": [],
          "afterHooks": [],
          "tests": [],
          "suites": [
            {
              "uuid": "afa72dc4-0de6-4e19-98b2-3aa2fb06cfe8",
              "title": "I seartch for a product",
              "fullFile": "C:\\Users\\vikto\\Desktop\\reposstat\\testverktyg-grupp3\\test\\Return proceeding.js",
              "file": "\\test\\Return proceeding.js",
              "beforeHooks": [],
              "afterHooks": [],
              "tests": [
                {
                  "title": "I should see the product that i have searched for",
                  "fullTitle": "Search for product I seartch for a product I should see the product that i have searched for",
                  "timedOut": null,
                  "duration": 6275,
                  "state": "failed",
                  "speed": null,
                  "pass": false,
                  "fail": true,
                  "pending": false,
                  "context": null,
                  "code": "//Start webbrowser\nconst driver = await new Builder().forBrowser('firefox').build();\n//testing-test\ntry{\n    //access  magento website\n    await driver.get('https://magento.softwaretestingboard.com/');\n    await driver.get('https://magento.softwaretestingboard.com/sales/guest/form/');\n    //Get the seartch input\n    await driver.wait(until.elementLocated(By.css('#search')), 10000);\n    await driver.findElement(By.id('search')).sendKeys('shirt', Key.RETURN);\n    //Find the first product\n    await driver.wait(until.elementLocated(By.css('.product-item:first-child')), 10000);\n    const product = await driver.findElement(By.css('.product-item:first-child'));\n    // Find information in the product\n    let productTitle = await product.findElement(By.css('.product-item-link'));\n    let productPrice = await product.findElement(By.css('.price'));\n    //Extract text\n    let productTitleText = await productTitle.getText();\n    let productPriceText = await productPrice.getText();\n    productTitleText.should.equal('Radiant Tee');\n    productPriceText.should.equal('$21.00');\n}finally {\n    //await driver.quit();\n}",
                  "err": {
                    "message": "AssertionError: expected '$22.00' to equal '$21.00'",
                    "estack": "AssertionError: expected '$22.00' to equal '$21.00'\n    at Context.<anonymous> (test\\Return proceeding.js:38:41)\n    at process.processTicksAndRejections (node:internal/process/task_queues:95:5)",
                    "diff": "- $22.00\n+ $21.00\n"
                  },
                  "uuid": "be42ac99-83ca-424f-be77-54dfb103b05d",
                  "parentUUID": null,
                  "isHook": false,
                  "skipped": false
                }
              ],
              "suites": [],
              "passes": [],
              "failures": [
                "be42ac99-83ca-424f-be77-54dfb103b05d"
              ],
              "pending": [],
              "skipped": [],
              "duration": 6275,
              "root": false,
              "rootEmpty": false,
              "_timeout": null
            }
          ],
          "passes": [],
          "failures": [],
          "pending": [],
          "skipped": [],
          "duration": 0,
          "root": false,
          "rootEmpty": false,
          "_timeout": null
        }
      ],
      "passes": [],
      "failures": [],
      "pending": [],
      "skipped": [],
      "duration": 0,
      "root": true,
      "rootEmpty": true,
      "_timeout": 0
    }
  ],
  "meta": {
    "mocha": {
      "version": "10.2.0"
    },
    "mochawesome": {
      "options": {
        "quiet": false,
        "reportFilename": "mochawesome",
        "saveHtml": true,
        "saveJson": true,
        "consoleReporter": "spec",
        "useInlineDiffs": false,
        "code": true
      },
      "version": "7.1.3"
    },
    "marge": {
      "options": null,
      "version": "6.2.0"
    }
  }
}